
## ---------------------- ##
## Running config.status. ##
## ---------------------- ##

This file was extended by GRUB config.status 0.97, which was
generated by GNU Autoconf 2.59.  Invocation command line was

  CONFIG_FILES    = 
  CONFIG_HEADERS  = 
  CONFIG_LINKS    = 
  CONFIG_COMMANDS = 
  $ ./config.status 

on MatthewsLaptop

config.status:739: creating Makefile
config.status:739: creating stage1/Makefile
config.status:739: creating stage2/Makefile
config.status:739: creating docs/Makefile
config.status:739: creating lib/Makefile
config.status:739: creating util/Makefile
config.status:739: creating grub/Makefile
config.status:739: creating netboot/Makefile
config.status:739: creating util/grub-image
config.status:739: creating util/grub-install
config.status:739: creating util/grub-md5-crypt
config.status:739: creating util/grub-terminfo
config.status:739: creating util/grub-set-default
config.status:843: creating config.h
config.status:1157: executing depfiles commands
